CRFClassifier invoked at Sat Jun 21 14:13:41 PDT 2008 with arguments:
 -prop train.prop -serDictionary /tmp/stanford-chinese-segmenter-2008-05-21//data/dict-chris6.ser.gz -sighanCorporaDict ctb6-train -trainFile data/ctb6.train.seg -serializeTo models/ctb6.ser.gz
useQN=true
useWord2=true
useWord1=true
backgroundSymbol=1
prop=train.prop
expandMidDot=true
useCTBChar2=true
useFeaturesC4gram=true
useUnicodeBlock=true
useUnicodeType=true
saveFeatureIndexToDisk=true
sighanCorporaDict=ctb6-train
removeBackgroundSingletonFeatures=true
serDictionary=/tmp/stanford-chinese-segmenter-2008-05-21//data/dict-chris6.ser.gz
QNsize=15
useDictionaryConjunctions=true
useFeaturesCpC4gram=true
useShapeStrings5=true
sigma=3.0
useShapeStrings4=true
useUnicodeType4gram=true
useShapeStrings3=true
serializeTo=models/ctb6.ser.gz
outputEncoding=UTF-8
useShapeStrings1=true
useShapeStrings=true
readerAndWriter=edu.stanford.nlp.wordseg.Sighan2005DocumentReaderAndWriter
maxLeft=1
inputEncoding=UTF-8
trainFile=data/ctb6.train.seg
useWordn=true
map=char=0,answer=1
useRule2=true
featureFactory=edu.stanford.nlp.wordseg.Gale2007ChineseSegmenterFeatureFactory
Loading Chinese dictionaries from /tmp/stanford-chinese-segmenter-2008-05-21//data/dict-chris6.ser.gz
loading dictionaries from /tmp/stanford-chinese-segmenter-2008-05-21//data/dict-chris6.ser.gz...Done. Unique words in ChineseDictionary is: 423200
Reading data using edu.stanford.nlp.wordseg.Sighan2005DocumentReaderAndWriter
Getting data from data/ctb6.train.seg (UTF-8 encoding)
INFO: TagAffixDetector: useChPos=false | useCTBChar2=true | usePKChar2=false
INFO: TagAffixDetector: building TagAffixDetector from ctb6-train/dict/character_list and ctb6-train/dict/in.ctb
numClasses: 2 [0=1,1=0]
numDocuments: 24416
numDatums: 1120033
numFeatures: 2429510
Writing feature index to temporary file.
numWeights: 8337030
QNMinimizer called on double function of 8337030 variables; using M = 15.
          An explanation of the output:               
Iter:           The number of iterations
evals-          The number of function evaluations
SCALING:        <D> Diagonal scaling was used
                <I> Scaled Identity
LINESEARCH      [## M steplength]  Minpack linesearch
                   1-Function value was too high
                   2-Value ok, gradient positive, positive curvature
                   3-Value ok, gradient negative, positive curvature
                   4-Value ok, gradient negative, negative curvature
                [.. B]  Backtracking
VALUE           The current function value
TIME            Total elapsed time
|GNORM|         The current norm of the gradient
{RELNORM}       The ratio of the current to initial gradient norms
AVEIMPROVE      The average improvement / current value

Iter:##  evals-##  <SCALING> [LINESEARCH] VALUE  TIME |GNORM|  {RELNORM}  AVEIMPROVE

Iter: 1  evals-1  <D> [111 M  1.414E-7 ]  5.829E5   100.481s |9.499E5| {6.530E-1}  0.000E0  
Iter: 2  evals-5  <D> [ M  1.000E0 ]  4.859E5   125.328s |8.734E5| {6.004E-1}  9.973E-2  
Iter: 3  evals-6  <D> [ M  1.000E0 ]  4.140E5   149.068s |5.340E5| {3.671E-1}  1.359E-1  
Iter: 4  evals-7  <D> [ M  1.000E0 ]  3.627E5   172.863s |4.516E5| {3.104E-1}  1.517E-1  
Iter: 5  evals-8  <D> [ M  1.000E0 ]  3.330E5   204.068s |2.204E5| {1.515E-1}  1.501E-1  
Iter: 6  evals-9  <D> [ M  1.000E0 ]  2.999E5   228.27s |9.575E4| {6.582E-2}  1.573E-1  
Iter: 7  evals-10  <D> [ M  1.000E0 ]  2.771E5   252.898s |1.031E5| {7.086E-2}  1.576E-1  
Iter: 8  evals-11  <D> [ M  1.000E0 ]  2.453E5   278.863s |8.414E4| {5.784E-2}  1.720E-1  
Iter: 9  evals-12  <D> [ M  1.000E0 ]  2.216E5   303.845s |9.269E4| {6.372E-2}  1.811E-1  
Iter: 10  evals-13  <D> [ M  1.000E0 ]  2.020E5   329.09s |5.728E4| {3.938E-2}  1.885E-1  
Iter: 11  evals-14  <D> [ M  1.000E0 ]  1.847E5   359.093s |7.303E4| {5.020E-2}  1.483E-1  
Iter: 12  evals-15  <D> [ M  1.000E0 ]  1.713E5   384.283s |5.287E4| {3.635E-2}  1.288E-1  
Iter: 13  evals-16  <D> [ M  1.000E0 ]  1.711E5   411.355s |9.931E4| {6.827E-2}  1.018E-1  
Iter: 14  evals-17  <D> [ M  1.000E0 ]  1.473E5   438.108s |4.562E4| {3.136E-2}  1.146E-1  
Iter: 15  evals-18  <D> [ M  1.000E0 ]  1.400E5   466.92s |3.053E4| {2.099E-2}  1.039E-1  
Iter: 16  evals-19  <D> [ M  1.000E0 ]  1.309E5   494.665s |2.568E4| {1.766E-2}  1.015E-1  
Iter: 17  evals-20  <D> [ M  1.000E0 ]  1.189E5   521.253s |2.891E4| {1.988E-2}  9.671E-2  
Iter: 18  evals-21  <D> [1 M  2.317E-1 ]  1.157E5   573.443s |4.652E4| {3.198E-2}  8.326E-2  
Iter: 19  evals-23  <D> [ M  1.000E0 ]  1.098E5   603.982s |3.354E4| {2.306E-2}  7.628E-2  
Iter: 20  evals-24  <D> [1 M  4.604E-1 ]  1.086E5   656.315s |4.075E4| {2.801E-2}  6.374E-2  
Iter: 21  evals-26  <D> [ M  1.000E0 ]  1.045E5   684.001s |3.546E4| {2.438E-2}  5.816E-2  
Iter: 22  evals-27  <D> [ M  1.000E0 ]  1.028E5   714.523s |1.763E4| {1.212E-2}  6.044E-2  
Iter: 23  evals-28  <D> [ M  1.000E0 ]  9.894E4   741.332s |2.221E4| {1.527E-2}  4.446E-2  
Iter: 24  evals-29  <D> [ M  1.000E0 ]  9.560E4   770.256s |2.855E4| {1.963E-2}  4.218E-2  
Iter: 25  evals-30  <D> [2 M  4.737E-1 ]  9.183E4   823.098s |3.057E4| {2.101E-2}  3.872E-2  
Iter: 26  evals-32  <D> [ M  1.000E0 ]  9.035E4   850.772s |6.121E4| {4.208E-2}  2.870E-2  
Iter: 27  evals-33  <D> [ M  1.000E0 ]  8.613E4   879.62s |2.334E4| {1.605E-2}  3.120E-2  
Iter: 28  evals-34  <D> [ M  1.000E0 ]  8.357E4   906.54s |1.287E4| {8.848E-3}  2.859E-2  
Iter: 29  evals-35  <D> [ M  1.000E0 ]  8.177E4   936.501s |8.690E3| {5.974E-3}  2.981E-2  
Iter: 30  evals-36  <D> [ M  1.000E0 ]  7.814E4   965.018s |2.014E4| {1.385E-2}  3.064E-2  
Iter: 31  evals-37  <D> [ M  1.000E0 ]  7.463E4   993.548s |2.427E4| {1.669E-2}  3.428E-2  
Iter: 32  evals-38  <D> [ M  1.000E0 ]  7.411E4   1020.47s |2.295E4| {1.577E-2}  3.046E-2  
Iter: 33  evals-39  <D> [ M  1.000E0 ]  7.000E4   1047.843s |1.305E4| {8.969E-3}  3.325E-2  
Iter: 34  evals-40  <D> [ M  1.000E0 ]  6.864E4   1074.839s |6.067E3| {4.171E-3}  3.070E-2  
Iter: 35  evals-41  <D> [1 M  3.926E-1 ]  6.745E4   1124.981s |1.725E4| {1.186E-2}  3.086E-2  
Iter: 36  evals-43  <D> [1 M  2.573E-1 ]  6.688E4   1176.208s |1.931E4| {1.327E-2}  2.616E-2  
Iter: 37  evals-45  <D> [ M  1.000E0 ]  6.564E4   1205.992s |1.109E4| {7.627E-3}  2.484E-2  
Iter: 38  evals-46  <D> [ M  1.000E0 ]  6.466E4   1232.887s |8.529E3| {5.863E-3}  2.405E-2  
Iter: 39  evals-47  <D> [ M  1.000E0 ]  6.381E4   1260.175s |6.303E3| {4.333E-3}  2.041E-2  
Iter: 40  evals-48  <D> [ M  1.000E0 ]  6.256E4   1287.043s |6.467E3| {4.446E-3}  1.754E-2  
Iter: 41  evals-49  <D> [ M  1.000E0 ]  6.116E4   1314.379s |5.333E3| {3.666E-3}  1.924E-2  
Iter: 42  evals-50  <D> [ M  1.000E0 ]  5.860E4   1341.244s |6.563E3| {4.512E-3}  1.770E-2  
Iter: 43  evals-51  <D> [1 M  4.667E-1 ]  5.722E4   1392.552s |1.748E4| {1.202E-2}  1.815E-2  
Iter: 44  evals-53  <D> [1 M  3.798E-1 ]  5.561E4   1443.177s |1.033E4| {7.101E-3}  1.936E-2  
Iter: 45  evals-55  <D> [ M  1.000E0 ]  5.391E4   1470.563s |5.968E3| {4.103E-3}  2.188E-2  
Iter: 46  evals-56  <D> [ M  1.000E0 ]  5.263E4   1497.443s |3.946E3| {2.712E-3}  2.246E-2  
Iter: 47  evals-57  <D> [ M  1.000E0 ]  5.111E4   1524.81s |4.160E3| {2.860E-3}  2.410E-2  
Iter: 48  evals-58  <D> [ M  1.000E0 ]  4.936E4   1552.746s |1.117E4| {7.676E-3}  2.662E-2  
Iter: 49  evals-59  <D> [ M  1.000E0 ]  4.714E4   1580.315s |5.130E3| {3.527E-3}  2.973E-2  
Iter: 50  evals-60  <D> [ M  1.000E0 ]  4.521E4   1608.454s |4.911E3| {3.376E-3}  3.208E-2  
Iter: 51  evals-61  <D> [1 M  1.687E-1 ]  4.439E4   1659.184s |1.423E4| {9.785E-3}  2.910E-2  
Iter: 52  evals-63  <D> [1 M  1.920E-1 ]  4.414E4   1710.044s |5.684E3| {3.908E-3}  2.695E-2  
Iter: 53  evals-65  <D> [ M  1.000E0 ]  4.363E4   1737.914s |5.930E3| {4.076E-3}  2.496E-2  
Iter: 54  evals-66  <D> [ M  1.000E0 ]  4.324E4   1765.606s |6.230E3| {4.283E-3}  2.244E-2  
Iter: 55  evals-67  <D> [ M  1.000E0 ]  4.273E4   1795.536s |6.113E3| {4.202E-3}  2.107E-2  
Iter: 56  evals-68  <D> [ M  1.000E0 ]  4.224E4   1822.406s |4.237E3| {2.913E-3}  1.909E-2  
Iter: 57  evals-69  <D> [ M  1.000E0 ]  4.125E4   1850.673s |3.993E3| {2.745E-3}  1.788E-2  
Iter: 58  evals-70  <D> [ M  1.000E0 ]  3.964E4   1878.923s |4.993E3| {3.432E-3}  1.720E-2  
Iter: 59  evals-71  <D> [1 M  4.318E-1 ]  3.888E4   1929.51s |8.602E3| {5.913E-3}  1.479E-2  
Iter: 60  evals-73  <D> [ M  1.000E0 ]  3.763E4   1956.786s |9.095E3| {6.252E-3}  1.632E-2  
Iter: 61  evals-74  <D> [1 M  1.908E-1 ]  3.725E4   2008.029s |6.135E3| {4.218E-3}  1.682E-2  
Iter: 62  evals-76  <D> [ M  1.000E0 ]  3.669E4   2038.364s |3.805E3| {2.615E-3}  1.718E-2  
Iter: 63  evals-77  <D> [ M  1.000E0 ]  3.577E4   2065.828s |3.992E3| {2.744E-3}  1.898E-2  
Iter: 64  evals-78  <D> [ M  1.000E0 ]  3.488E4   2093.626s |4.548E3| {3.127E-3}  2.047E-2  
Iter: 65  evals-79  <D> [1 M  4.982E-1 ]  3.425E4   2144.316s |9.046E3| {6.219E-3}  2.122E-2  
Iter: 66  evals-81  <D> [ M  1.000E0 ]  3.281E4   2173.275s |4.412E3| {3.033E-3}  2.338E-2  
Iter: 67  evals-82  <D> [ M  1.000E0 ]  3.215E4   2201.231s |2.781E3| {1.912E-3}  2.117E-2  
Iter: 68  evals-83  <D> [1 M  1.126E-1 ]  3.194E4   2252.274s |1.220E4| {8.386E-3}  1.975E-2  
Iter: 69  evals-85  <D> [ M  1.000E0 ]  3.077E4   2280.528s |5.462E3| {3.755E-3}  2.027E-2  
Iter: 70  evals-86  <D> [ M  1.000E0 ]  3.015E4   2308.401s |6.143E3| {4.223E-3}  2.140E-2  
Iter: 71  evals-87  <D> [ M  1.000E0 ]  2.897E4   2333.94s |4.465E3| {3.070E-3}  2.426E-2  
Iter: 72  evals-88  <D> [1 M  2.900E-1 ]  2.867E4   2382.776s |1.281E4| {8.809E-3}  2.252E-2  
Iter: 73  evals-90  <D> [ M  1.000E0 ]  2.769E4   2409.465s |4.373E3| {3.006E-3}  2.357E-2  
Iter: 74  evals-91  <D> [ M  1.000E0 ]  2.723E4   2435.758s |2.318E3| {1.593E-3}  2.344E-2  
Iter: 75  evals-92  <D> [ M  1.000E0 ]  2.639E4   2462.111s |3.795E3| {2.609E-3}  2.210E-2  
Iter: 76  evals-93  <D> [ M  1.000E0 ]  2.523E4   2487.715s |4.266E3| {2.932E-3}  2.494E-2  
Iter: 77  evals-94  <D> [1 M  8.867E-2 ]  2.492E4   2538.57s |9.494E3| {6.526E-3}  2.560E-2  
Iter: 78  evals-96  <D> [ M  1.000E0 ]  2.391E4   2565.774s |3.471E3| {2.386E-3}  2.610E-2  
Iter: 79  evals-97  <D> [ M  1.000E0 ]  2.340E4   2592.545s |3.752E3| {2.579E-3}  2.622E-2  
Iter: 80  evals-98  <D> [ M  1.000E0 ]  2.301E4   2620.949s |1.965E3| {1.351E-3}  2.353E-2  
Iter: 81  evals-99  <D> [ M  1.000E0 ]  2.227E4   2647.563s |3.882E3| {2.668E-3}  2.612E-2  
Iter: 82  evals-100  <D> [1 M  4.411E-1 ]  2.192E4   2697.425s |8.631E3| {5.933E-3}  2.395E-2  
Iter: 83  evals-102  <D> [ M  1.000E0 ]  2.100E4   2722.856s |3.472E3| {2.387E-3}  2.698E-2  
Iter: 84  evals-103  <D> [ M  1.000E0 ]  2.058E4   2748.894s |1.138E4| {7.820E-3}  2.570E-2  
Iter: 85  evals-104  <D> [1 M  2.270E-1 ]  1.995E4   2796.256s |2.891E3| {1.987E-3}  2.406E-2  
Iter: 86  evals-106  <D> [ M  1.000E0 ]  1.975E4   2822.129s |2.414E3| {1.660E-3}  2.383E-2  
Iter: 87  evals-107  <D> [ M  1.000E0 ]  1.915E4   2849.391s |2.030E3| {1.396E-3}  2.259E-2  
Iter: 88  evals-108  <D> [ M  1.000E0 ]  1.857E4   2875.228s |2.349E3| {1.615E-3}  2.363E-2  
Iter: 89  evals-109  <D> [ M  1.000E0 ]  1.834E4   2900.852s |1.778E4| {1.222E-2}  2.317E-2  
Iter: 90  evals-110  <D> [1 M  3.553E-1 ]  1.706E4   2948.354s |4.775E3| {3.283E-3}  2.773E-2  
Iter: 91  evals-112  <D> [ M  1.000E0 ]  1.645E4   2975.051s |1.949E3| {1.340E-3}  3.024E-2  
Iter: 92  evals-113  <D> [ M  1.000E0 ]  1.597E4   3001.734s |2.117E3| {1.456E-3}  2.858E-2  
Iter: 93  evals-114  <D> [ M  1.000E0 ]  1.527E4   3028.905s |2.321E3| {1.596E-3}  3.157E-2  
Iter: 94  evals-115  <D> [1 M  2.094E-1 ]  1.509E4   3076.384s |4.405E3| {3.028E-3}  2.931E-2  
Iter: 95  evals-117  <D> [ M  1.000E0 ]  1.419E4   3102.889s |1.800E3| {1.237E-3}  3.560E-2  
Iter: 96  evals-118  <D> [ M  1.000E0 ]  1.376E4   3128.312s |1.426E3| {9.800E-4}  3.555E-2  
Iter: 97  evals-119  <D> [ M  1.000E0 ]  1.361E4   3154.362s |6.054E3| {4.162E-3}  3.317E-2  
Iter: 98  evals-120  <D> [ M  1.000E0 ]  1.284E4   3180.094s |2.709E3| {1.862E-3}  3.888E-2  
Iter: 99  evals-121  <D> [1 M  4.548E-1 ]  1.268E4   3227.751s |2.340E3| {1.608E-3}  3.142E-2  
Iter: 100  evals-123  <D> [ M  1.000E0 ]  1.246E4   3253.818s |4.192E3| {2.882E-3}  2.908E-2  
Iter: 101  evals-124  <D> [1 M  3.545E-1 ]  1.226E4   3301.121s |2.993E3| {2.058E-3}  2.751E-2  
Iter: 102  evals-126  <D> [ M  1.000E0 ]  1.212E4   3326.852s |2.070E3| {1.423E-3}  2.364E-2  
Iter: 103  evals-127  <D> [ M  1.000E0 ]  1.165E4   3352.223s |1.374E3| {9.448E-4}  2.685E-2  
Iter: 104  evals-128  <D> [ M  1.000E0 ]  1.134E4   3378.827s |1.757E3| {1.208E-3}  2.289E-2  
Iter: 105  evals-129  <D> [ M  1.000E0 ]  1.091E4   3404.646s |6.107E3| {4.198E-3}  2.375E-2  
Iter: 106  evals-130  <D> [1 M  2.003E-1 ]  1.076E4   3452.197s |1.865E3| {1.282E-3}  2.411E-2  
Iter: 107  evals-132  <D> [ M  1.000E0 ]  1.057E4   3479.087s |9.917E2| {6.818E-4}  1.955E-2  
Iter: 108  evals-133  <D> [ M  1.000E0 ]  1.014E4   3504.378s |1.732E3| {1.191E-3}  2.278E-2  
Iter: 109  evals-134  <D> [ M  1.000E0 ]  9.750E3   3530.485s |1.865E3| {1.282E-3}  2.528E-2  
Iter: 110  evals-135  <D> [ M  1.000E0 ]  9.320E3   3556.021s |2.188E3| {1.504E-3}  2.871E-2  
Iter: 111  evals-136  <D> [ M  1.000E0 ]  8.885E3   3582.117s |1.508E3| {1.037E-3}  3.313E-2  
Iter: 112  evals-137  <D> [ M  1.000E0 ]  8.749E3   3607.408s |5.865E3| {4.032E-3}  3.012E-2  
Iter: 113  evals-138  <D> [1 M  4.155E-1 ]  8.413E3   3654.797s |1.789E3| {1.230E-3}  3.158E-2  
Iter: 114  evals-140  <D> [ M  1.000E0 ]  8.214E3   3681.093s |1.047E3| {7.194E-4}  2.988E-2  
Iter: 115  evals-141  <D> [ M  1.000E0 ]  8.039E3   3706.342s |1.001E3| {6.878E-4}  3.073E-2  
Iter: 116  evals-142  <D> [1 M  4.584E-1 ]  7.952E3   3754.354s |3.001E3| {2.063E-3}  2.994E-2  
Iter: 117  evals-144  <D> [1 M  2.920E-1 ]  7.851E3   3801.497s |1.984E3| {1.364E-3}  2.652E-2  
Iter: 118  evals-146  <D> [ M  1.000E0 ]  7.712E3   3827.934s |7.387E2| {5.078E-4}  2.402E-2  
Iter: 119  evals-147  <D> [ M  1.000E0 ]  7.558E3   3853.968s |1.078E3| {7.409E-4}  2.120E-2  
Iter: 120  evals-148  <D> [ M  1.000E0 ]  7.422E3   3878.798s |1.342E3| {9.227E-4}  1.792E-2  
Iter: 121  evals-149  <D> [ M  1.000E0 ]  7.190E3   3904.092s |1.246E3| {8.567E-4}  1.972E-2  
Iter: 122  evals-150  <D> [ M  1.000E0 ]  6.885E3   3930.093s |8.476E2| {5.826E-4}  2.017E-2  
Iter: 123  evals-151  <D> [ M  1.000E0 ]  6.803E3   3955.706s |4.146E3| {2.850E-3}  1.885E-2  
Iter: 124  evals-152  <D> [1 M  9.009E-2 ]  6.705E3   4003.043s |1.826E3| {1.255E-3}  1.809E-2  
Iter: 125  evals-154  <D> [ M  1.000E0 ]  6.490E3   4028.315s |6.729E2| {4.626E-4}  2.048E-2  
Iter: 126  evals-155  <D> [ M  1.000E0 ]  6.401E3   4053.99s |7.104E2| {4.884E-4}  2.059E-2  
Iter: 127  evals-156  <D> [ M  1.000E0 ]  6.295E3   4079.87s |5.849E2| {4.021E-4}  2.047E-2  
Iter: 128  evals-157  <D> [ M  1.000E0 ]  6.167E3   4105.359s |4.190E2| {2.880E-4}  2.051E-2  
Iter: 129  evals-158  <D> [ M  1.000E0 ]  6.059E3   4130.921s |2.308E3| {1.587E-3}  2.045E-2  
Iter: 130  evals-159  <D> [1 M  1.445E-1 ]  5.972E3   4178.539s |7.979E2| {5.485E-4}  1.854E-2  
Iter: 131  evals-161  <D> [ M  1.000E0 ]  5.891E3   4204.77s |5.130E2| {3.526E-4}  1.534E-2  
Iter: 132  evals-162  <D> [ M  1.000E0 ]  5.806E3   4230.256s |1.101E3| {7.565E-4}  1.561E-2  
Iter: 133  evals-163  <D> [1 M  1.352E-1 ]  5.792E3   4277.889s |8.979E2| {6.173E-4}  1.432E-2  
Iter: 134  evals-165  <D> [ M  1.000E0 ]  5.772E3   4303.248s |6.199E2| {4.261E-4}  1.132E-2  
Iter: 135  evals-166  <D> [ M  1.000E0 ]  5.715E3   4328.812s |3.191E2| {2.194E-4}  1.091E-2  
Iter: 136  evals-167  <D> [ M  1.000E0 ]  5.679E3   4354.207s |5.071E2| {3.486E-4}  9.850E-3  
Iter: 137  evals-168  <D> [ M  1.000E0 ]  5.630E3   4380.001s |7.893E2| {5.426E-4}  8.661E-3  
Iter: 138  evals-169  <D> [ M  1.000E0 ]  5.535E3   4405.259s |7.910E2| {5.438E-4}  8.616E-3  
Iter: 139  evals-170  <D> [ M  1.000E0 ]  5.471E3   4431.781s |5.430E2| {3.733E-4}  8.318E-3  
Iter: 140  evals-171  <D> [ M  1.000E0 ]  5.344E3   4457.028s |7.043E2| {4.842E-4}  9.307E-3  
Iter: 141  evals-172  <D> [1 M  1.724E-1 ]  5.313E3   4505.541s |8.116E2| {5.580E-4}  8.436E-3  
Iter: 142  evals-174  <D> [ M  1.000E0 ]  5.280E3   4531.157s |6.369E2| {4.378E-4}  8.826E-3  
Iter: 143  evals-175  <D> [ M  1.000E0 ]  5.252E3   4557.006s |2.774E2| {1.907E-4}  8.998E-3  
Iter: 144  evals-176  <D> [ M  1.000E0 ]  5.187E3   4582.671s |4.594E2| {3.158E-4}  9.255E-3  
Iter: 145  evals-177  <D> [ M  1.000E0 ]  5.121E3   4608.31s |4.596E2| {3.159E-4}  9.909E-3  
Iter: 146  evals-178  <D> [1 M  1.549E-1 ]  5.101E3   4654.872s |1.320E3| {9.073E-4}  9.433E-3  
Iter: 147  evals-180  <D> [ M  1.000E0 ]  5.049E3   4680.19s |3.659E2| {2.516E-4}  8.750E-3  
Iter: 148  evals-181  <D> [ M  1.000E0 ]  5.019E3   4706.247s |2.105E2| {1.447E-4}  8.191E-3  
Iter: 149  evals-182  <D> [ M  1.000E0 ]  4.982E3   4731.799s |1.774E3| {1.219E-3}  6.602E-3  
Iter: 150  evals-183  <D> [1 M  9.208E-2 ]  4.964E3   4777.516s |7.766E2| {5.339E-4}  6.390E-3  
Iter: 151  evals-185  <D> [ M  1.000E0 ]  4.948E3   4803.123s |4.662E2| {3.205E-4}  6.102E-3  
Iter: 152  evals-186  <D> [ M  1.000E0 ]  4.920E3   4829.326s |3.193E2| {2.195E-4}  6.138E-3  
Iter: 153  evals-187  <D> [ M  1.000E0 ]  4.903E3   4854.737s |4.352E2| {2.992E-4}  5.251E-3  
Iter: 154  evals-188  <D> [ M  1.000E0 ]  4.857E3   4880.382s |4.620E2| {3.176E-4}  4.945E-3  
Iter: 155  evals-189  <D> [1 M  3.817E-1 ]  4.838E3   4926.698s |7.213E2| {4.958E-4}  4.936E-3  
Iter: 156  evals-191  <D> [ M  1.000E0 ]  4.793E3   4952.728s |3.466E2| {2.383E-4}  4.847E-3  
Iter: 157  evals-192  <D> [ M  1.000E0 ]  4.763E3   4979.232s |2.301E2| {1.582E-4}  4.879E-3  
Iter: 158  evals-193  <D> [ M  1.000E0 ]  4.744E3   5004.83s |1.150E3| {7.904E-4}  4.571E-3  
Iter: 159  evals-194  <D> [ M  1.000E0 ]  4.727E3   5030.367s |4.217E2| {2.899E-4}  4.560E-3  
Iter: 160  evals-195  <D> [ M  1.000E0 ]  4.692E3   5056.045s |1.551E2| {1.066E-4}  4.942E-3  
Iter: 161  evals-196  <D> [ M  1.000E0 ]  4.673E3   5081.657s |1.166E2| {8.018E-5}  4.798E-3  
Iter: 162  evals-197  <D> [ M  1.000E0 ]  4.623E3   5107.268s |1.713E2| {1.178E-4}  5.517E-3  
Iter: 163  evals-198  <D> [2 M  5.140E-1 ]  4.601E3   5153.883s |6.813E2| {4.683E-4}  5.067E-3  
Iter: 164  evals-200  <D> [1 M  2.901E-1 ]  4.574E3   5201.189s |4.328E2| {2.975E-4}  5.259E-3  
Iter: 165  evals-202  <D> [ M  1.000E0 ]  4.552E3   5226.77s |4.375E2| {3.008E-4}  4.823E-3  
Iter: 166  evals-203  <D> [1 M  1.777E-1 ]  4.545E3   5273.345s |4.911E2| {3.376E-4}  4.368E-3  
Iter: 167  evals-205  <D> [ M  1.000E0 ]  4.536E3   5299.003s |2.526E2| {1.737E-4}  4.175E-3  
Iter: 168  evals-206  <D> [ M  1.000E0 ]  4.523E3   5324.717s |2.021E2| {1.390E-4}  4.104E-3  
Iter: 169  evals-207  <D> [ M  1.000E0 ]  4.506E3   5350.307s |3.036E2| {2.087E-4}  3.770E-3  
Iter: 170  evals-208  <D> [ M  1.000E0 ]  4.478E3   5376.199s |3.482E2| {2.394E-4}  3.958E-3  
Iter: 171  evals-209  <D> [ M  1.000E0 ]  4.444E3   5401.746s |2.292E2| {1.576E-4}  3.667E-3  
Iter: 172  evals-210  <D> [1 M  1.637E-1 ]  4.431E3   5448.913s |5.861E2| {4.029E-4}  3.482E-3  
Iter: 173  evals-212  <D> [ M  1.000E0 ]  4.402E3   5474.938s |1.359E2| {9.340E-5}  3.537E-3  
Iter: 174  evals-213  <D> [ M  1.000E0 ]  4.385E3   5500.599s |2.623E2| {1.803E-4}  3.461E-3  
Iter: 175  evals-214  <D> [ M  1.000E0 ]  4.366E3   5525.949s |4.629E2| {3.182E-4}  3.733E-3  
Iter: 176  evals-215  <D> [ M  1.000E0 ]  4.349E3   5551.363s |4.453E2| {3.061E-4}  3.898E-3  
Iter: 177  evals-216  <D> [1 M  2.905E-1 ]  4.331E3   5599.287s |5.217E2| {3.586E-4}  4.032E-3  
Iter: 178  evals-218  <D> [ M  1.000E0 ]  4.315E3   5624.338s |3.016E2| {2.073E-4}  4.004E-3  
Iter: 179  evals-219  <D> [ M  1.000E0 ]  4.299E3   5649.679s |2.088E2| {1.435E-4}  3.787E-3  
Iter: 180  evals-220  <D> [ M  1.000E0 ]  4.274E3   5675.553s |2.729E2| {1.876E-4}  3.615E-3  
Iter: 181  evals-221  <D> [1 M  1.247E-1 ]  4.266E3   5722.711s |5.545E2| {3.812E-4}  3.511E-3  
Iter: 182  evals-223  <D> [ M  1.000E0 ]  4.249E3   5747.785s |2.887E2| {1.985E-4}  3.280E-3  
Iter: 183  evals-224  <D> [1 M  4.103E-1 ]  4.244E3   5794.703s |5.408E2| {3.718E-4}  3.013E-3  
Iter: 184  evals-226  <D> [ M  1.000E0 ]  4.235E3   5820.232s |1.648E2| {1.133E-4}  2.800E-3  
Iter: 185  evals-227  <D> [ M  1.000E0 ]  4.228E3   5845.958s |1.879E2| {1.291E-4}  2.599E-3  
Iter: 186  evals-228  <D> [ M  1.000E0 ]  4.213E3   5871.005s |3.052E2| {2.098E-4}  2.552E-3  
Iter: 187  evals-229  <D> [ M  1.000E0 ]  4.190E3   5896.864s |3.303E2| {2.271E-4}  2.732E-3  
Iter: 188  evals-230  <D> [ M  1.000E0 ]  4.157E3   5922.547s |3.344E2| {2.299E-4}  3.110E-3  
Iter: 189  evals-231  <D> [1 M  1.130E-1 ]  4.150E3   5969.694s |1.975E2| {1.357E-4}  2.706E-3  
Iter: 190  evals-233  <D> [ M  1.000E0 ]  4.127E3   5994.965s |1.228E2| {8.442E-5}  3.058E-3  
Iter: 191  evals-234  <D> [ M  1.000E0 ]  4.115E3   6020.279s |1.436E2| {9.870E-5}  2.956E-3  
Iter: 192  evals-235  <D> [ M  1.000E0 ]  4.104E3   6045.978s |4.447E2| {3.057E-4}  3.106E-3  
Iter: 193  evals-236  <D> [ M  1.000E0 ]  4.089E3   6072.265s |2.922E2| {2.008E-4}  3.242E-3  
Iter: 194  evals-237  <D> [ M  1.000E0 ]  4.077E3   6097.846s |4.455E2| {3.063E-4}  3.366E-3  
Iter: 195  evals-238  <D> [ M  1.000E0 ]  4.072E3   6123.191s |5.134E2| {3.529E-4}  3.127E-3  
Iter: 196  evals-239  <D> [ M  1.000E0 ]  4.054E3   6148.767s |1.267E2| {8.709E-5}  3.035E-3  
Iter: 197  evals-240  <D> [ M  1.000E0 ]  4.045E3   6174.099s |9.836E1| {6.762E-5}  2.504E-3  
Iter: 198  evals-241  <D> [ M  1.000E0 ]  4.029E3   6199.833s |4.529E2| {3.113E-4}  2.744E-3  
Iter: 199  evals-242  <D> [1 M  1.207E-1 ]  4.022E3   6246.23s |3.999E2| {2.749E-4}  2.375E-3  
Iter: 200  evals-244  <D> [ M  1.000E0 ]  4.014E3   6271.698s |2.395E2| {1.647E-4}  2.294E-3  
Iter: 201  evals-245  <D> [ M  1.000E0 ]  4.007E3   6297.404s |1.013E2| {6.963E-5}  2.207E-3  
Iter: 202  evals-246  <D> [ M  1.000E0 ]  4.002E3   6323.681s |1.175E2| {8.078E-5}  1.993E-3  
Iter: 203  evals-247  <D> [ M  1.000E0 ]  3.987E3   6348.916s |2.003E2| {1.377E-4}  2.070E-3  
Iter: 204  evals-248  <D> [ M  1.000E0 ]  3.973E3   6373.927s |2.412E2| {1.658E-4}  2.278E-3  
Iter: 205  evals-249  <D> [1 M  3.160E-1 ]  3.966E3   6421.312s |2.774E2| {1.907E-4}  2.033E-3  
Iter: 206  evals-251  <D> [ M  1.000E0 ]  3.955E3   6446.834s |1.014E2| {6.968E-5}  2.077E-3  
Iter: 207  evals-252  <D> [ M  1.000E0 ]  3.943E3   6471.622s |1.297E2| {8.914E-5}  1.963E-3  
Iter: 208  evals-253  <D> [ M  1.000E0 ]  3.929E3   6496.464s |2.020E2| {1.389E-4}  2.159E-3  
Iter: 209  evals-254  <D> [1 M  4.040E-1 ]  3.922E3   6543.891s |4.534E2| {3.117E-4}  2.142E-3  
Iter: 210  evals-256  <D> [ M  1.000E0 ]  3.910E3   6569.432s |3.331E2| {2.290E-4}  2.250E-3  
Iter: 211  evals-257  <D> [ M  1.000E0 ]  3.904E3   6594.672s |4.051E2| {2.785E-4}  2.269E-3  
Iter: 212  evals-258  <D> [ M  1.000E0 ]  3.894E3   6619.537s |1.036E2| {7.121E-5}  2.158E-3  
Iter: 213  evals-259  <D> [ M  1.000E0 ]  3.887E3   6644.847s |1.517E2| {1.043E-4}  2.007E-3  
Iter: 214  evals-260  <D> [ M  1.000E0 ]  3.875E3   6670.834s |5.310E2| {3.650E-4}  2.128E-3  
Iter: 215  evals-261  <D> [1 M  3.563E-1 ]  3.869E3   6717.766s |3.189E2| {2.192E-4}  2.008E-3  
Iter: 216  evals-263  <D> [1 M  4.935E-1 ]  3.864E3   6763.849s |3.180E2| {2.186E-4}  1.871E-3  
Iter: 217  evals-265  <D> [ M  1.000E0 ]  3.857E3   6790.226s |1.400E2| {9.622E-5}  1.689E-3  
Iter: 218  evals-266  <D> [ M  1.000E0 ]  3.851E3   6816.26s |2.039E2| {1.402E-4}  1.665E-3  
Iter: 219  evals-267  <D> [ M  1.000E0 ]  3.843E3   6841.179s |1.998E2| {1.374E-4}  1.585E-3  
Iter: 220  evals-268  <D> [ M  1.000E0 ]  3.832E3   6865.892s |1.603E2| {1.102E-4}  1.724E-3  
Iter: 221  evals-269  <D> [ M  1.000E0 ]  3.819E3   6891.302s |1.287E2| {8.847E-5}  1.783E-3  
Iter: 222  evals-270  <D> [1 M  2.195E-1 ]  3.814E3   6939.673s |2.592E2| {1.782E-4}  1.741E-3  
Iter: 223  evals-272  <D> [ M  1.000E0 ]  3.804E3   6964.73s |1.338E2| {9.201E-5}  1.694E-3  
Iter: 224  evals-273  <D> [ M  1.000E0 ]  3.796E3   6989.455s |9.355E1| {6.431E-5}  1.768E-3  
Iter: 225  evals-274  <D> [ M  1.000E0 ]  3.788E3   7014.911s |8.682E1| {5.968E-5}  1.834E-3  
Iter: 226  evals-275  <D> [ M  1.000E0 ]  3.779E3   7041.315s |2.867E2| {1.971E-4}  1.884E-3  
Iter: 227  evals-276  <D> [1 M  2.088E-1 ]  3.775E3   7088.328s |2.109E2| {1.450E-4}  1.839E-3  
Iter: 228  evals-278  <D> [ M  1.000E0 ]  3.768E3   7113.045s |1.113E2| {7.652E-5}  1.811E-3  
Iter: 229  evals-279  <D> [ M  1.000E0 ]  3.760E3   7138.496s |1.544E2| {1.062E-4}  1.721E-3  
Iter: 230  evals-280  <D> [ M  1.000E0 ]  3.757E3   7164.66s |2.743E2| {1.886E-4}  1.514E-3  
Iter: 231  evals-281  <D> [ M  1.000E0 ]  3.751E3   7190.131s |3.120E2| {2.145E-4}  1.520E-3  
Iter: 232  evals-282  <D> [1 M  2.280E-1 ]  3.748E3   7236.208s |2.396E2| {1.647E-4}  1.358E-3  
Iter: 233  evals-284  <D> [ M  1.000E0 ]  3.744E3   7261.519s |1.382E2| {9.502E-5}  1.250E-3  
Iter: 234  evals-285  <D> [ M  1.000E0 ]  3.740E3   7287.647s |6.273E1| {4.312E-5}  1.150E-3  
Iter: 235  evals-286  <D> [ M  1.000E0 ]  3.736E3   7313.208s |2.050E2| {1.409E-4}  1.048E-3  
Iter: 236  evals-287  <D> [ M  1.000E0 ]  3.730E3   7338.403s |2.306E2| {1.585E-4}  1.095E-3  
Iter: 237  evals-288  <D> [ M  1.000E0 ]  3.723E3   7364.026s |8.727E1| {6.000E-5}  1.080E-3  
Iter: 238  evals-289  <D> [ M  1.000E0 ]  3.717E3   7389.736s |1.360E2| {9.349E-5}  1.055E-3  
Iter: 239  evals-290  <D> [ M  1.000E0 ]  3.712E3   7415.34s |1.947E2| {1.338E-4}  1.096E-3  
Iter: 240  evals-291  <D> [ M  1.000E0 ]  3.708E3   7441.202s |2.898E2| {1.992E-4}  1.056E-3  
Iter: 241  evals-292  <D> [ M  1.000E0 ]  3.699E3   7466.547s |1.150E2| {7.903E-5}  1.207E-3  
Iter: 242  evals-293  <D> [ M  1.000E0 ]  3.693E3   7492.767s |1.208E2| {8.304E-5}  1.265E-3  
Iter: 243  evals-294  <D> [ M  1.000E0 ]  3.683E3   7518.587s |1.243E2| {8.548E-5}  1.416E-3  
Iter: 244  evals-295  <D> [ M  1.000E0 ]  3.676E3   7544.27s |2.636E2| {1.812E-4}  1.481E-3  
Iter: 245  evals-296  <D> [1 M  1.471E-1 ]  3.673E3   7591.762s |1.197E2| {8.228E-5}  1.407E-3  
Iter: 246  evals-298  <D> [ M  1.000E0 ]  3.669E3   7617.755s |9.238E1| {6.351E-5}  1.343E-3  
Iter: 247  evals-299  <D> [ M  1.000E0 ]  3.664E3   7643.276s |5.219E1| {3.588E-5}  1.314E-3  
Iter: 248  evals-300  <D> [1 M  4.961E-1 ]  3.662E3   7690.94s |3.349E2| {2.303E-4}  1.225E-3  
Iter: 249  evals-302  <D> [ M  1.000E0 ]  3.659E3   7716.612s |4.343E2| {2.985E-4}  1.222E-3  
Iter: 250  evals-303  <D> [ M  1.000E0 ]  3.654E3   7742.056s |1.611E2| {1.107E-4}  1.111E-3  
Iter: 251  evals-304  <D> [ M  1.000E0 ]  3.651E3   7767.829s |7.491E1| {5.150E-5}  1.039E-3  
Iter: 252  evals-305  <D> [ M  1.000E0 ]  3.649E3   7793.669s |6.776E1| {4.658E-5}  8.531E-4  
Iter: 253  evals-306  <D> [ M  1.000E0 ]  3.645E3   7819.394s |1.749E2| {1.202E-4}  7.609E-4  
Iter: 254  evals-307  <D> [ M  1.000E0 ]  3.642E3   7845.0s |1.034E2| {7.107E-5}  7.743E-4  
Iter: 255  evals-308  <D> [ M  1.000E0 ]  3.638E3   7869.986s |8.604E1| {5.915E-5}  7.770E-4  
Iter: 256  evals-309  <D> [ M  1.000E0 ]  3.635E3   7895.398s |2.559E2| {1.759E-4}  7.292E-4  
Iter: 257  evals-310  <D> [ M  1.000E0 ]  3.633E3   7920.94s |2.584E2| {1.776E-4}  7.493E-4  
Iter: 258  evals-311  <D> [ M  1.000E0 ]  3.628E3   7946.731s |7.012E1| {4.820E-5}  7.709E-4  
Iter: 259  evals-312  <D> [ M  1.000E0 ]  3.626E3   7972.309s |5.943E1| {4.086E-5}  7.127E-4  
Iter: 260  evals-313  <D> [ M  1.000E0 ]  3.621E3   7997.701s |9.267E1| {6.371E-5}  7.544E-4  
Iter: 261  evals-314  <D> [ M  1.000E0 ]  3.619E3   8022.689s |4.132E2| {2.841E-4}  7.457E-4  
Iter: 262  evals-315  <D> [ M  1.000E0 ]  3.618E3   8048.051s |3.568E2| {2.453E-4}  6.948E-4  
Iter: 263  evals-316  <D> [ M  1.000E0 ]  3.612E3   8074.057s |8.118E1| {5.581E-5}  7.491E-4  
Iter: 264  evals-317  <D> [ M  1.000E0 ]  3.610E3   8099.71s |3.631E1| {2.496E-5}  7.049E-4  
Iter: 265  evals-318  <D> [ M  1.000E0 ]  3.609E3   8125.051s |7.721E2| {5.308E-4}  6.524E-4  
Iter: 266  evals-319  <D> [1 M  2.722E-1 ]  3.604E3   8171.37s |3.838E2| {2.639E-4}  7.080E-4  
Iter: 267  evals-321  <D> [ M  1.000E0 ]  3.601E3   8196.954s |1.264E2| {8.687E-5}  6.932E-4  
Iter: 268  evals-322  <D> [ M  1.000E0 ]  3.599E3   8223.354s |7.616E1| {5.235E-5}  6.698E-4  
Iter: 269  evals-323  <D> [ M  1.000E0 ]  3.597E3   8248.646s |9.719E1| {6.681E-5}  5.979E-4  
Iter: 270  evals-324  <D> [ M  1.000E0 ]  3.594E3   8274.377s |1.152E2| {7.923E-5}  6.191E-4  
Iter: 271  evals-325  <D> [ M  1.000E0 ]  3.592E3   8300.058s |2.352E2| {1.617E-4}  6.478E-4  
Iter: 272  evals-326  <D> [1 M  3.063E-1 ]  3.589E3   8347.908s |8.924E1| {6.135E-5}  5.829E-4  
Iter: 273  evals-328  <D> [ M  1.000E0 ]  3.587E3   8373.553s |3.459E1| {2.378E-5}  5.851E-4  
Iter: 274  evals-329  <D> [ M  1.000E0 ]  3.584E3   8399.559s |8.416E1| {5.785E-5}  6.289E-4  
Iter: 275  evals-330  <D> [1 M  4.118E-1 ]  3.583E3   8446.942s |9.364E1| {6.437E-5}  5.389E-4  
Iter: 276  evals-332  <D> [ M  1.000E0 ]  3.581E3   8472.344s |8.428E1| {5.794E-5}  5.014E-4  
Iter: 277  evals-333  <D> [ M  1.000E0 ]  3.578E3   8498.252s |1.374E2| {9.446E-5}  5.365E-4  
Iter: 278  evals-334  <D> [ M  1.000E0 ]  3.577E3   8523.927s |1.778E2| {1.222E-4}  5.231E-4  
Iter: 279  evals-335  <D> [ M  1.000E0 ]  3.575E3   8549.556s |5.940E1| {4.084E-5}  4.990E-4  
Iter: 280  evals-336  <D> [ M  1.000E0 ]  3.574E3   8575.098s |1.277E2| {8.781E-5}  4.700E-4  
Iter: 281  evals-337  <D> [ M  1.000E0 ]  3.572E3   8600.908s |1.156E2| {7.944E-5}  4.389E-4  
Iter: 282  evals-338  <D> [2 M  5.153E-1 ]  3.571E3   8647.255s |1.070E2| {7.356E-5}  4.088E-4  
Iter: 283  evals-340  <D> [ M  1.000E0 ]  3.569E3   8672.514s |5.941E1| {4.084E-5}  3.899E-4  
Iter: 284  evals-341  <D> [ M  1.000E0 ]  3.568E3   8698.018s |5.793E1| {3.983E-5}  3.929E-4  
Iter: 285  evals-342  <D> [1 M  4.131E-1 ]  3.566E3   8746.714s |1.414E2| {9.723E-5}  3.771E-4  
Iter: 286  evals-344  <D> [ M  1.000E0 ]  3.564E3   8771.726s |4.768E1| {3.278E-5}  3.677E-4  
Iter: 287  evals-345  <D> [ M  1.000E0 ]  3.562E3   8796.62s |3.191E1| {2.194E-5}  3.702E-4  
Iter: 288  evals-346  <D> [1 M  3.221E-1 ]  3.561E3   8844.202s |1.700E2| {1.169E-4}  3.433E-4  
Iter: 289  evals-348  <D> [ M  1.000E0 ]  3.559E3   8870.395s |5.643E1| {3.879E-5}  3.709E-4  
Iter: 290  evals-349  <D> [ M  1.000E0 ]  3.558E3   8895.502s |3.723E1| {2.559E-5}  3.544E-4  
Iter: 291  evals-350  <D> [2 M  5.172E-1 ]  3.556E3   8941.461s |6.379E1| {4.385E-5}  3.946E-4  
Iter: 292  evals-352  <D> [ M  1.000E0 ]  3.553E3   8967.689s |5.666E1| {3.895E-5}  4.010E-4  
Iter: 293  evals-353  <D> [1 M  3.129E-1 ]  3.553E3   9014.334s |7.635E1| {5.249E-5}  3.785E-4  
Iter: 294  evals-355  <D> [ M  1.000E0 ]  3.552E3   9039.706s |4.184E1| {2.876E-5}  3.629E-4  
Iter: 295  evals-356  <D> [ M  1.000E0 ]  3.551E3   9065.191s |2.370E2| {1.629E-4}  3.190E-4  
Iter: 296  evals-357  <D> [ M  1.000E0 ]  3.550E3   9090.889s |1.138E2| {7.825E-5}  3.212E-4  
Iter: 297  evals-358  <D> [ M  1.000E0 ]  3.549E3   9117.217s |3.535E1| {2.430E-5}  3.201E-4  
Iter: 298  evals-359  <D> [ M  1.000E0 ]  3.549E3   9142.684s |2.436E2| {1.675E-4}  2.728E-4  
Iter: 299  evals-360  <D> [ M  1.000E0 ]  3.547E3   9168.683s |1.139E2| {7.829E-5}  2.821E-4  
Iter: 300  evals-361  <D> [ M  1.000E0 ]  3.546E3   9194.203s |8.977E1| {6.171E-5}  2.431E-4  
Iter: 301  evals-362  <D> [ M  1.000E0 ]  3.545E3   9219.809s |9.731E1| {6.689E-5}  2.094E-4  
Iter: 302  evals-363  <D> [ M  1.000E0 ]  3.545E3   9245.735s |1.340E2| {9.209E-5}  2.113E-4  
Iter: 303  evals-364  <D> [ M  1.000E0 ]  3.544E3   9271.762s |5.868E1| {4.034E-5}  2.120E-4  
Iter: 304  evals-365  <D> [ M  1.000E0 ]  3.543E3   9297.239s |3.502E1| {2.408E-5}  2.206E-4  
Iter: 305  evals-366  <D> [1 M  2.933E-1 ]  3.542E3   9344.219s |1.304E2| {8.968E-5}  1.924E-4  
Iter: 306  evals-368  <D> [ M  1.000E0 ]  3.541E3   9370.107s |7.572E1| {5.206E-5}  2.014E-4  
Iter: 307  evals-369  <D> [ M  1.000E0 ]  3.540E3   9396.346s |4.587E1| {3.153E-5}  2.132E-4  
Iter: 308  evals-370  <D> [ M  1.000E0 ]  3.539E3   9420.497s |4.191E1| {2.881E-5}  2.038E-4  
Iter: 309  evals-371  <D> [ M  1.000E0 ]  3.538E3   9445.717s |5.056E1| {3.476E-5}  2.015E-4  
Iter: 310  evals-372  <D> [1 M  2.313E-1 ]  3.538E3   9493.555s |5.974E1| {4.107E-5}  1.922E-4  
Iter: 311  evals-374  <D> [ M  1.000E0 ]  3.537E3   9520.038s |3.398E1| {2.336E-5}  2.004E-4  
Iter: 312  evals-375  <D> [ M  1.000E0 ]  3.536E3   9544.793s |6.290E1| {4.324E-5}  2.029E-4  
Iter: 313  evals-376  <D> [1 M  2.282E-1 ]  3.536E3   9591.038s |3.355E1| {2.306E-5}  1.801E-4  
Iter: 314  evals-378  <D> [ M  1.000E0 ]  3.535E3   9617.519s |2.298E1| {1.579E-5}  1.806E-4  
Iter: 315  evals-379  <D> [ M  1.000E0 ]  3.535E3   9643.646s |6.841E1| {4.703E-5}  1.641E-4  
Iter: 316  evals-380  <D> [1 M  2.966E-1 ]  3.534E3   9689.284s |7.155E1| {4.919E-5}  1.507E-4  
Iter: 317  evals-382  <D> [ M  1.000E0 ]  3.534E3   9714.662s |2.311E1| {1.588E-5}  1.312E-4  
Iter: 318  evals-383  <D> [ M  1.000E0 ]  3.533E3   9740.873s |7.072E1| {4.862E-5}  1.282E-4  
Iter: 319  evals-384  <D> [1 M  3.693E-1 ]  3.533E3   9787.559s |9.205E1| {6.328E-5}  1.246E-4  
Iter: 320  evals-386  <D> [ M  1.000E0 ]  3.533E3   9812.808s |5.781E1| {3.974E-5}  1.126E-4  
Iter: 321  evals-387  <D> [ M  1.000E0 ]  3.532E3   9838.291s |3.562E1| {2.449E-5}  1.019E-4  
Iter: 322  evals-388  <D> [1 M  2.857E-1 ]  3.532E3   9886.24s |5.309E1| {3.650E-5}  1.007E-4  
Iter: 323  evals-390  <D> [ M  1.000E0 ]  3.531E3   9911.605s |3.595E1| {2.472E-5}  1.012E-4  
Iter: 324  evals-391  <D> [ M  1.000E0 ]  3.531E3   9937.494s |5.220E1| {3.588E-5}  1.006E-4  
Iter: 325  evals-392  <D> [ M  1.000E0 ]  3.530E3   9963.097s |3.465E1| {2.382E-5}  1.112E-4  
Iter: 326  evals-393  <D> [1 M  3.445E-1 ]  3.530E3   10010.611s |7.358E1| {5.059E-5}  1.102E-4  
Iter: 327  evals-395  <D> [ M  1.000E0 ]  3.529E3   10036.433s |4.991E1| {3.431E-5}  1.041E-4  
Iter: 328  evals-396  <D> [ M  1.000E0 ]  3.529E3   10061.951s |4.125E1| {2.836E-5}  1.096E-4  
Iter: 329  evals-397  <D> [ M  1.000E0 ]  3.528E3   10087.701s |4.615E1| {3.172E-5}  1.101E-4  
Iter: 330  evals-398  <D> [1 M  2.558E-1 ]  3.528E3   10135.325s |6.378E1| {4.385E-5}  1.015E-4  
Iter: 331  evals-400  <D> [ M  1.000E0 ]  3.528E3   10161.499s |2.204E1| {1.515E-5}  1.101E-4  
Iter: 332  evals-401  <D> [ M  1.000E0 ]  3.527E3   10185.607s |2.788E1| {1.916E-5}  1.058E-4  
Iter: 333  evals-402  <D> [1 M  3.331E-1 ]  3.527E3   10231.861sQNMinimizer terminated due to average improvement  ---- | newest_val - previous_val | / |newestVal| < TOL 
Total time spent in optimization: 1.023E4
Reading temporary feature index file.
Serializing classifier to models/ctb6.ser.gz...done.
