(PKU):
File: CTBsegs/ctb-test-simp-running.txt
Encoding: UTF-8
-------------------------------
Invoked on Fri Mar 16 10:39:49 MDT 2018 with arguments: -sighanCorporaDict stanford-segmenter-2017-06-09/data -textFile CTBsegs/ctb-test-simp-running.txt -inputEncoding UTF-8 -sighanPostProcessing true -keepAllWhitespaces false -loadClassifier stanford-segmenter-2017-06-09/data/pku.gz -serDictionary stanford-segmenter-2017-06-09/data/dict-chris6.ser.gz
inputEncoding=UTF-8
sighanCorporaDict=stanford-segmenter-2017-06-09/data
loadClassifier=stanford-segmenter-2017-06-09/data/pku.gz
serDictionary=stanford-segmenter-2017-06-09/data/dict-chris6.ser.gz
sighanPostProcessing=true
textFile=CTBsegs/ctb-test-simp-running.txt
keepAllWhitespaces=false
Loading Chinese dictionaries from 1 file:
  stanford-segmenter-2017-06-09/data/dict-chris6.ser.gz
Done. Unique words in ChineseDictionary is: 423200.
Loading classifier from stanford-segmenter-2017-06-09/data/pku.gz ... done [9.3 sec].
Loading unnormalized dictionary from stanford-segmenter-2017-06-09/data/dict/pku.non
INFO: flags.usePk=true | building NonDict2 from stanford-segmenter-2017-06-09/data/dict/pku.non
Loading character dictionary file from stanford-segmenter-2017-06-09/data/dict/pos_open/character_list.pku.utf8 [done].
Loading affix dictionary from stanford-segmenter-2017-06-09/data/dict/in.pk [done].
CRFClassifier tagged 59095 words in 1370 documents at 9659.20 words per second.
